<?xml version="1.0" encoding="UTF-8"?>
<!-- Generated by org.testng.reporters.JUnitXMLReporter -->
<testsuite hostname="LTIN322938" ignored="14" name="Test IJW In Chrome Browser" tests="1" failures="1" timestamp="13 Mar 2023 13:03:25 GMT" time="83.716" errors="0">
  <testcase name="PlacePickUpLaterToday_LoggedInUser_AddNewBillingAddress" time="79.732" classname="ijw.testscripts.framework.TestIJW">
    <failure type="java.lang.NullPointerException">
      <![CDATA[java.lang.NullPointerException
at ijw.config.framework.Base.stopTest(Base.java:66)
at ijw.pageaction.framework.FunctionalComponents.billingDetailswithAddNewAddress(FunctionalComponents.java:678)
at ijw.testscripts.framework.TestIJW.PlacePickUpLaterToday_LoggedInUser_AddNewBillingAddress(TestIJW.java:189)
at ijw.testrunner.framework.TestRunner.main(TestRunner.java:30)
... Removed 22 stack frames]]>
    </failure>
  </testcase> <!-- PlacePickUpLaterToday_LoggedInUser_AddNewBillingAddress -->
  <testcase name="Login_Logout_Scenario" time="0.0" classname="ijw.testscripts.framework.TestIJW">
    <ignored/>
  </testcase> <!-- Login_Logout_Scenario -->
  <testcase name="PlaceDeliveryAsap_GuestUser" time="0.0" classname="ijw.testscripts.framework.TestIJW">
    <ignored/>
  </testcase> <!-- PlaceDeliveryAsap_GuestUser -->
  <testcase name="PlacePickUpLaterToday_GuestUser" time="0.0" classname="ijw.testscripts.framework.TestIJW">
    <ignored/>
  </testcase> <!-- PlacePickUpLaterToday_GuestUser -->
  <testcase name="PlacePickUpAsap_GuestUser" time="0.0" classname="ijw.testscripts.framework.TestIJW">
    <ignored/>
  </testcase> <!-- PlacePickUpAsap_GuestUser -->
  <testcase name="VerifySignupFromJoinNowPage" time="0.0" classname="ijw.testscripts.framework.TestIJW">
    <ignored/>
  </testcase> <!-- VerifySignupFromJoinNowPage -->
  <testcase name="PlacePickUpAsap_LoggedInUser_ExistingBilingAddress" time="0.0" classname="ijw.testscripts.framework.TestIJW">
    <ignored/>
  </testcase> <!-- PlacePickUpAsap_LoggedInUser_ExistingBilingAddress -->
  <testcase name="PlaceDeliveryAsap_LoggedInUser_ExistingBilingAddress" time="0.0" classname="ijw.testscripts.framework.TestIJW">
    <ignored/>
  </testcase> <!-- PlaceDeliveryAsap_LoggedInUser_ExistingBilingAddress -->
  <testcase name="VerifyOrderNowLinkinAboutpage" time="0.0" classname="ijw.testscripts.framework.TestIJW">
    <ignored/>
  </testcase> <!-- VerifyOrderNowLinkinAboutpage -->
  <testcase name="Verify_EditAutoPopulatedText_LoggedInUser" time="0.0" classname="ijw.testscripts.framework.TestIJW">
    <ignored/>
  </testcase> <!-- Verify_EditAutoPopulatedText_LoggedInUser -->
  <testcase name="PlaceDeliveryLaterToday_LoggedInUser_AddNewBillingAddress" time="0.0" classname="ijw.testscripts.framework.TestIJW">
    <ignored/>
  </testcase> <!-- PlaceDeliveryLaterToday_LoggedInUser_AddNewBillingAddress -->
  <testcase name="PlaceDeliveryLaterToday_GuestUser" time="0.0" classname="ijw.testscripts.framework.TestIJW">
    <ignored/>
  </testcase> <!-- PlaceDeliveryLaterToday_GuestUser -->
  <testcase name="VerifySignupFromProfile" time="0.0" classname="ijw.testscripts.framework.TestIJW">
    <ignored/>
  </testcase> <!-- VerifySignupFromProfile -->
  <testcase name="VerifyAddNewAddressfromCheckoutPage" time="0.0" classname="ijw.testscripts.framework.TestIJW">
    <ignored/>
  </testcase> <!-- VerifyAddNewAddressfromCheckoutPage -->
  <testcase name="PlaceOrderWithPromo" time="0.0" classname="ijw.testscripts.framework.TestIJW">
    <ignored/>
  </testcase> <!-- PlaceOrderWithPromo -->
</testsuite> <!-- Test IJW In Chrome Browser -->
