<?xml version="1.0" encoding="UTF-8"?>
<!-- Generated by org.testng.reporters.JUnitXMLReporter -->
<testsuite hostname="LTIN322938" ignored="0" name="Test" tests="2" failures="2" timestamp="10 Mar 2023 10:47:10 GMT" time="44.732" errors="0">
  <testcase name="Login_Logout_Scenario" time="7.498" classname="ijw.testscripts.framework.TestIJW">
    <failure type="java.lang.NullPointerException">
      <![CDATA[java.lang.NullPointerException
at ijw.pageaction.framework.FunctionalComponents.verifyItsjustwingsHomepage(FunctionalComponents.java:125)
at ijw.testscripts.framework.TestIJW.Login_Logout_Scenario(TestIJW.java:44)
... Removed 25 stack frames]]>
    </failure>
  </testcase> <!-- Login_Logout_Scenario -->
  <testcase name="PlacePickUpAsap_GuestUser" time="6.63" classname="ijw.testscripts.framework.TestIJW">
    <failure type="java.lang.NullPointerException">
      <![CDATA[java.lang.NullPointerException
at ijw.pageaction.framework.FunctionalComponents.verifyItsjustwingsHomepage(FunctionalComponents.java:125)
at ijw.testscripts.framework.TestIJW.PlacePickUpAsap_GuestUser(TestIJW.java:159)
... Removed 25 stack frames]]>
    </failure>
  </testcase> <!-- PlacePickUpAsap_GuestUser -->
</testsuite> <!-- Test -->
