<?xml version="1.0" encoding="UTF-8"?>
<testng-results skipped="0" failed="1" ignored="14" total="15" passed="0">
  <reporter-output>
  </reporter-output>
  <suite name="IJWWeb" duration-ms="83716" started-at="2023-03-13T13:02:02Z" finished-at="2023-03-13T13:03:25Z">
    <groups>
    </groups>
    <test name="Test IJW In Chrome Browser" duration-ms="83716" started-at="2023-03-13T13:02:02Z" finished-at="2023-03-13T13:03:25Z">
      <class name="ijw.testscripts.framework.TestIJW">
        <test-method status="PASS" signature="initialize()[pri:0, instance:ijw.testscripts.framework.TestIJW@32b260fa]" name="initialize" is-config="true" duration-ms="3498" started-at="2023-03-13T13:02:02Z" finished-at="2023-03-13T13:02:05Z">
          <reporter-output>
          </reporter-output>
        </test-method> <!-- initialize -->
        <test-method status="FAIL" signature="PlacePickUpLaterToday_LoggedInUser_AddNewBillingAddress()[pri:10, instance:ijw.testscripts.framework.TestIJW@32b260fa]" name="PlacePickUpLaterToday_LoggedInUser_AddNewBillingAddress" duration-ms="79732" started-at="2023-03-13T13:02:05Z" finished-at="2023-03-13T13:03:25Z">
          <exception class="java.lang.NullPointerException">
            <full-stacktrace>
              <![CDATA[java.lang.NullPointerException
at ijw.config.framework.Base.stopTest(Base.java:66)
at ijw.pageaction.framework.FunctionalComponents.billingDetailswithAddNewAddress(FunctionalComponents.java:678)
at ijw.testscripts.framework.TestIJW.PlacePickUpLaterToday_LoggedInUser_AddNewBillingAddress(TestIJW.java:189)
at sun.reflect.NativeMethodAccessorImpl.invoke0(Native Method)
at sun.reflect.NativeMethodAccessorImpl.invoke(Unknown Source)
at sun.reflect.DelegatingMethodAccessorImpl.invoke(Unknown Source)
at java.lang.reflect.Method.invoke(Unknown Source)
at org.testng.internal.MethodInvocationHelper.invokeMethod(MethodInvocationHelper.java:124)
at org.testng.internal.Invoker.invokeMethod(Invoker.java:583)
at org.testng.internal.Invoker.invokeTestMethod(Invoker.java:719)
at org.testng.internal.Invoker.invokeTestMethods(Invoker.java:989)
at org.testng.internal.TestMethodWorker.invokeTestMethods(TestMethodWorker.java:125)
at org.testng.internal.TestMethodWorker.run(TestMethodWorker.java:109)
at org.testng.TestRunner.privateRun(TestRunner.java:648)
at org.testng.TestRunner.run(TestRunner.java:505)
at org.testng.SuiteRunner.runTest(SuiteRunner.java:455)
at org.testng.SuiteRunner.runSequentially(SuiteRunner.java:450)
at org.testng.SuiteRunner.privateRun(SuiteRunner.java:415)
at org.testng.SuiteRunner.run(SuiteRunner.java:364)
at org.testng.SuiteRunnerWorker.runSuite(SuiteRunnerWorker.java:52)
at org.testng.SuiteRunnerWorker.run(SuiteRunnerWorker.java:84)
at org.testng.TestNG.runSuitesSequentially(TestNG.java:1208)
at org.testng.TestNG.runSuitesLocally(TestNG.java:1137)
at org.testng.TestNG.runSuites(TestNG.java:1049)
at org.testng.TestNG.run(TestNG.java:1017)
at ijw.testrunner.framework.TestRunner.main(TestRunner.java:30)
]]>
            </full-stacktrace>
          </exception> <!-- java.lang.NullPointerException -->
          <reporter-output>
          </reporter-output>
        </test-method> <!-- PlacePickUpLaterToday_LoggedInUser_AddNewBillingAddress -->
        <test-method status="PASS" signature="sendEmail()[pri:0, instance:ijw.testscripts.framework.TestIJW@32b260fa]" name="sendEmail" is-config="true" duration-ms="27180" started-at="2023-03-13T13:03:26Z" finished-at="2023-03-13T13:03:53Z">
          <reporter-output>
          </reporter-output>
        </test-method> <!-- sendEmail -->
      </class> <!-- ijw.testscripts.framework.TestIJW -->
    </test> <!-- Test IJW In Chrome Browser -->
  </suite> <!-- IJWWeb -->
</testng-results>
